<?xml version="1.0" encoding="UTF-8"?>
<!-- Generated by org.testng.reporters.JUnitXMLReporter -->
<testsuite hostname="TJ-LP-211" ignored="3" name="Test" tests="4" failures="0" timestamp="2025-02-05T22:10:38 IST" time="29.414" errors="0">
  <testcase name="TC001_createAccount" time="6.8" classname="testclasses.GoogleSignUpTest"/>
  <testcase name="TC001_enterName" time="2.34" classname="testclasses.GoogleCreateAccountTest"/>
  <testcase name="TC001_selectdob" time="8.903" classname="testclasses.BasicInformationTest"/>
  <testcase name="TC001_enterPasscode" time="2.313" classname="testclasses.CreatePasscodeTest"/>
  <testcase name="@BeforeSuite launchBrowser" time="0.0" classname="testclasses.BaseClass">
    <ignored/>
  </testcase> <!-- @BeforeSuite launchBrowser -->
  <testcase name="@BeforeSuite launchBrowser" time="0.0" classname="testclasses.BaseClass">
    <ignored/>
  </testcase> <!-- @BeforeSuite launchBrowser -->
  <testcase name="@BeforeSuite launchBrowser" time="0.0" classname="testclasses.BaseClass">
    <ignored/>
  </testcase> <!-- @BeforeSuite launchBrowser -->
</testsuite> <!-- Test -->
